{"/Users/grant/Documents/Development/ReactNativeProjects/pioneer-movie-expo/app/index.tsx": {"path":"/Users/grant/Documents/Development/ReactNativeProjects/pioneer-movie-expo/app/index.tsx","statementMap":{"0":{"start":{"line":11,"column":14},"end":{"line":147,"column":1}},"1":{"start":{"line":12,"column":17},"end":{"line":12,"column":36}},"2":{"start":{"line":13,"column":17},"end":{"line":13,"column":28}},"3":{"start":{"line":15,"column":38},"end":{"line":15,"column":68}},"4":{"start":{"line":16,"column":23},"end":{"line":16,"column":46}},"5":{"start":{"line":17,"column":25},"end":{"line":17,"column":53}},"6":{"start":{"line":18,"column":28},"end":{"line":18,"column":56}},"7":{"start":{"line":20,"column":28},"end":{"line":42,"column":3}},"8":{"start":{"line":21,"column":4},"end":{"line":41,"column":5}},"9":{"start":{"line":22,"column":6},"end":{"line":22,"column":32}},"10":{"start":{"line":23,"column":24},"end":{"line":23,"column":44}},"11":{"start":{"line":24,"column":21},"end":{"line":24,"column":44}},"12":{"start":{"line":26,"column":6},"end":{"line":29,"column":9}},"13":{"start":{"line":31,"column":6},"end":{"line":34,"column":9}},"14":{"start":{"line":36,"column":6},"end":{"line":38,"column":7}},"15":{"start":{"line":37,"column":8},"end":{"line":37,"column":28}},"16":{"start":{"line":40,"column":6},"end":{"line":40,"column":37}},"17":{"start":{"line":44,"column":32},"end":{"line":50,"column":3}},"18":{"start":{"line":45,"column":4},"end":{"line":49,"column":6}},"19":{"start":{"line":52,"column":35},"end":{"line":59,"column":3}},"20":{"start":{"line":53,"column":4},"end":{"line":58,"column":6}},"21":{"start":{"line":61,"column":17},"end":{"line":99,"column":4}},"22":{"start":{"line":101,"column":2},"end":{"line":146,"column":4}},"23":{"start":{"line":115,"column":34},"end":{"line":115,"column":65}},"24":{"start":{"line":133,"column":34},"end":{"line":133,"column":71}}},"fnMap":{"0":{"name":"(anonymous_0)","decl":{"start":{"line":11,"column":14},"end":{"line":11,"column":15}},"loc":{"start":{"line":11,"column":39},"end":{"line":147,"column":1}},"line":11},"1":{"name":"(anonymous_1)","decl":{"start":{"line":20,"column":28},"end":{"line":20,"column":29}},"loc":{"start":{"line":20,"column":34},"end":{"line":42,"column":3}},"line":20},"2":{"name":"(anonymous_2)","decl":{"start":{"line":44,"column":32},"end":{"line":44,"column":33}},"loc":{"start":{"line":44,"column":79},"end":{"line":50,"column":3}},"line":44},"3":{"name":"(anonymous_3)","decl":{"start":{"line":52,"column":35},"end":{"line":52,"column":36}},"loc":{"start":{"line":52,"column":82},"end":{"line":59,"column":3}},"line":52},"4":{"name":"(anonymous_4)","decl":{"start":{"line":115,"column":24},"end":{"line":115,"column":25}},"loc":{"start":{"line":115,"column":34},"end":{"line":115,"column":65}},"line":115},"5":{"name":"(anonymous_5)","decl":{"start":{"line":133,"column":24},"end":{"line":133,"column":25}},"loc":{"start":{"line":133,"column":34},"end":{"line":133,"column":71}},"line":133}},"branchMap":{"0":{"loc":{"start":{"line":21,"column":4},"end":{"line":41,"column":5}},"type":"if","locations":[{"start":{"line":21,"column":4},"end":{"line":41,"column":5}},{"start":{"line":39,"column":11},"end":{"line":41,"column":5}}],"line":21},"1":{"loc":{"start":{"line":36,"column":6},"end":{"line":38,"column":7}},"type":"if","locations":[{"start":{"line":36,"column":6},"end":{"line":38,"column":7}},{"start":{},"end":{}}],"line":36},"2":{"loc":{"start":{"line":64,"column":18},"end":{"line":64,"column":60}},"type":"cond-expr","locations":[{"start":{"line":64,"column":46},"end":{"line":64,"column":56}},{"start":{"line":64,"column":59},"end":{"line":64,"column":60}}],"line":64},"3":{"loc":{"start":{"line":139,"column":17},"end":{"line":139,"column":49}},"type":"cond-expr","locations":[{"start":{"line":139,"column":30},"end":{"line":139,"column":40}},{"start":{"line":139,"column":43},"end":{"line":139,"column":49}}],"line":139}},"s":{"0":1,"1":4,"2":4,"3":4,"4":4,"5":4,"6":4,"7":4,"8":4,"9":3,"10":3,"11":3,"12":3,"13":3,"14":3,"15":1,"16":1,"17":4,"18":12,"19":4,"20":12,"21":4,"22":4,"23":15,"24":15},"f":{"0":4,"1":4,"2":12,"3":12,"4":15,"5":15},"b":{"0":[3,1],"1":[1,2],"2":[0,4],"3":[1,3]},"_coverageSchema":"1a1c01bbd47fc00a2c39e90264f33305004495a9","hash":"b870369b4d8163d4a15416253f9a3aa67cfebfa4"}
,"/Users/grant/Documents/Development/ReactNativeProjects/pioneer-movie-expo/assets/images/splash_1.png": {"path":"/Users/grant/Documents/Development/ReactNativeProjects/pioneer-movie-expo/assets/images/splash_1.png","statementMap":{"0":{"start":{"line":1,"column":0},"end":{"line":4,"column":6}}},"fnMap":{},"branchMap":{},"s":{"0":1},"f":{},"b":{},"_coverageSchema":"1a1c01bbd47fc00a2c39e90264f33305004495a9","hash":"301820c6d2ce8b1cce496223f98b0ab5c439ebfa"}
,"/Users/grant/Documents/Development/ReactNativeProjects/pioneer-movie-expo/assets/images/splash_2.png": {"path":"/Users/grant/Documents/Development/ReactNativeProjects/pioneer-movie-expo/assets/images/splash_2.png","statementMap":{"0":{"start":{"line":1,"column":0},"end":{"line":4,"column":6}}},"fnMap":{},"branchMap":{},"s":{"0":1},"f":{},"b":{},"_coverageSchema":"1a1c01bbd47fc00a2c39e90264f33305004495a9","hash":"91e4d0e3187ae585da991dc3b454023517f6a0f8"}
,"/Users/grant/Documents/Development/ReactNativeProjects/pioneer-movie-expo/assets/images/splash_3.png": {"path":"/Users/grant/Documents/Development/ReactNativeProjects/pioneer-movie-expo/assets/images/splash_3.png","statementMap":{"0":{"start":{"line":1,"column":0},"end":{"line":4,"column":6}}},"fnMap":{},"branchMap":{},"s":{"0":1},"f":{},"b":{},"_coverageSchema":"1a1c01bbd47fc00a2c39e90264f33305004495a9","hash":"f02483d4b1977ed82fa38e2125a093c5cc09aba0"}
,"/Users/grant/Documents/Development/ReactNativeProjects/pioneer-movie-expo/components/Container.tsx": {"path":"/Users/grant/Documents/Development/ReactNativeProjects/pioneer-movie-expo/components/Container.tsx","statementMap":{"0":{"start":{"line":20,"column":18},"end":{"line":106,"column":1}},"1":{"start":{"line":30,"column":17},"end":{"line":30,"column":36}},"2":{"start":{"line":31,"column":21},"end":{"line":31,"column":36}},"3":{"start":{"line":33,"column":28},"end":{"line":39,"column":3}},"4":{"start":{"line":34,"column":4},"end":{"line":38,"column":5}},"5":{"start":{"line":35,"column":6},"end":{"line":35,"column":27}},"6":{"start":{"line":37,"column":6},"end":{"line":37,"column":26}},"7":{"start":{"line":41,"column":17},"end":{"line":63,"column":4}},"8":{"start":{"line":65,"column":2},"end":{"line":105,"column":4}}},"fnMap":{"0":{"name":"(anonymous_0)","decl":{"start":{"line":20,"column":18},"end":{"line":20,"column":19}},"loc":{"start":{"line":29,"column":26},"end":{"line":106,"column":1}},"line":29},"1":{"name":"(anonymous_1)","decl":{"start":{"line":33,"column":28},"end":{"line":33,"column":29}},"loc":{"start":{"line":33,"column":34},"end":{"line":39,"column":3}},"line":33}},"branchMap":{"0":{"loc":{"start":{"line":24,"column":2},"end":{"line":24,"column":26}},"type":"default-arg","locations":[{"start":{"line":24,"column":22},"end":{"line":24,"column":26}}],"line":24},"1":{"loc":{"start":{"line":34,"column":4},"end":{"line":38,"column":5}},"type":"if","locations":[{"start":{"line":34,"column":4},"end":{"line":38,"column":5}},{"start":{"line":36,"column":11},"end":{"line":38,"column":5}}],"line":34},"2":{"loc":{"start":{"line":72,"column":20},"end":{"line":72,"column":51}},"type":"cond-expr","locations":[{"start":{"line":72,"column":44},"end":{"line":72,"column":46}},{"start":{"line":72,"column":49},"end":{"line":72,"column":51}}],"line":72}},"s":{"0":1,"1":4,"2":4,"3":4,"4":0,"5":0,"6":0,"7":4,"8":4},"f":{"0":4,"1":0},"b":{"0":[0],"1":[0,0],"2":[4,0]},"_coverageSchema":"1a1c01bbd47fc00a2c39e90264f33305004495a9","hash":"33d02d65046ad12b18d3c172a7607731b36185c5"}
,"/Users/grant/Documents/Development/ReactNativeProjects/pioneer-movie-expo/components/RenderWhen.tsx": {"path":"/Users/grant/Documents/Development/ReactNativeProjects/pioneer-movie-expo/components/RenderWhen.tsx","statementMap":{"0":{"start":{"line":10,"column":2},"end":{"line":10,"column":37}}},"fnMap":{"0":{"name":"RenderWhen","decl":{"start":{"line":8,"column":9},"end":{"line":8,"column":19}},"loc":{"start":{"line":8,"column":81},"end":{"line":11,"column":1}},"line":8}},"branchMap":{"0":{"loc":{"start":{"line":8,"column":22},"end":{"line":8,"column":39}},"type":"default-arg","locations":[{"start":{"line":8,"column":34},"end":{"line":8,"column":39}}],"line":8},"1":{"loc":{"start":{"line":8,"column":41},"end":{"line":8,"column":60}},"type":"default-arg","locations":[{"start":{"line":8,"column":52},"end":{"line":8,"column":60}}],"line":8},"2":{"loc":{"start":{"line":10,"column":9},"end":{"line":10,"column":36}},"type":"cond-expr","locations":[{"start":{"line":10,"column":21},"end":{"line":10,"column":29}},{"start":{"line":10,"column":32},"end":{"line":10,"column":36}}],"line":10}},"s":{"0":12},"f":{"0":12},"b":{"0":[0],"1":[0],"2":[4,8]},"_coverageSchema":"1a1c01bbd47fc00a2c39e90264f33305004495a9","hash":"9af37f199755510272eaf72349f4b879ea710653"}
,"/Users/grant/Documents/Development/ReactNativeProjects/pioneer-movie-expo/components/TextButton.tsx": {"path":"/Users/grant/Documents/Development/ReactNativeProjects/pioneer-movie-expo/components/TextButton.tsx","statementMap":{"0":{"start":{"line":15,"column":19},"end":{"line":49,"column":1}},"1":{"start":{"line":23,"column":17},"end":{"line":37,"column":4}},"2":{"start":{"line":39,"column":2},"end":{"line":48,"column":4}}},"fnMap":{"0":{"name":"(anonymous_0)","decl":{"start":{"line":15,"column":19},"end":{"line":15,"column":20}},"loc":{"start":{"line":22,"column":42},"end":{"line":49,"column":1}},"line":22}},"branchMap":{"0":{"loc":{"start":{"line":16,"column":2},"end":{"line":16,"column":12}},"type":"default-arg","locations":[{"start":{"line":16,"column":10},"end":{"line":16,"column":12}}],"line":16},"1":{"loc":{"start":{"line":20,"column":2},"end":{"line":20,"column":18}},"type":"default-arg","locations":[{"start":{"line":20,"column":13},"end":{"line":20,"column":18}}],"line":20},"2":{"loc":{"start":{"line":21,"column":2},"end":{"line":21,"column":25}},"type":"default-arg","locations":[{"start":{"line":21,"column":23},"end":{"line":21,"column":25}}],"line":21},"3":{"loc":{"start":{"line":29,"column":23},"end":{"line":29,"column":68}},"type":"cond-expr","locations":[{"start":{"line":29,"column":34},"end":{"line":29,"column":48}},{"start":{"line":29,"column":51},"end":{"line":29,"column":68}}],"line":29}},"s":{"0":1,"1":4,"2":4},"f":{"0":4},"b":{"0":[0],"1":[4],"2":[0],"3":[0,4]},"_coverageSchema":"1a1c01bbd47fc00a2c39e90264f33305004495a9","hash":"32385101c1d76f03d67f0c2966d036e413c5da61"}
,"/Users/grant/Documents/Development/ReactNativeProjects/pioneer-movie-expo/constants/constants.ts": {"path":"/Users/grant/Documents/Development/ReactNativeProjects/pioneer-movie-expo/constants/constants.ts","statementMap":{"0":{"start":{"line":17,"column":59},"end":{"line":36,"column":1}}},"fnMap":{},"branchMap":{},"s":{"0":1},"f":{},"b":{},"_coverageSchema":"1a1c01bbd47fc00a2c39e90264f33305004495a9","hash":"213afd3c165f808f749eb1c4efcccedb8e8dfb7e"}
,"/Users/grant/Documents/Development/ReactNativeProjects/pioneer-movie-expo/constants/theme.ts": {"path":"/Users/grant/Documents/Development/ReactNativeProjects/pioneer-movie-expo/constants/theme.ts","statementMap":{"0":{"start":{"line":2,"column":26},"end":{"line":2,"column":50}},"1":{"start":{"line":4,"column":22},"end":{"line":71,"column":1}},"2":{"start":{"line":73,"column":21},"end":{"line":110,"column":1}},"3":{"start":{"line":112,"column":21},"end":{"line":161,"column":1}},"4":{"start":{"line":163,"column":17},"end":{"line":163,"column":41}}},"fnMap":{},"branchMap":{},"s":{"0":1,"1":1,"2":1,"3":1,"4":1},"f":{},"b":{},"_coverageSchema":"1a1c01bbd47fc00a2c39e90264f33305004495a9","hash":"8a175f3500bfe209f9e08a9d942f717452801e3d"}
}
