TN:
SF:app/index.tsx
FN:11,(anonymous_0)
FN:20,(anonymous_1)
FN:44,(anonymous_2)
FN:52,(anonymous_3)
FN:115,(anonymous_4)
FN:133,(anonymous_5)
FNF:6
FNH:6
FNDA:4,(anonymous_0)
FNDA:4,(anonymous_1)
FNDA:12,(anonymous_2)
FNDA:12,(anonymous_3)
FNDA:15,(anonymous_4)
FNDA:15,(anonymous_5)
DA:11,1
DA:12,4
DA:13,4
DA:15,4
DA:16,4
DA:17,4
DA:18,4
DA:20,4
DA:21,4
DA:22,3
DA:23,3
DA:24,3
DA:26,3
DA:31,3
DA:36,3
DA:37,1
DA:40,1
DA:44,4
DA:45,12
DA:52,4
DA:53,12
DA:61,4
DA:101,4
DA:115,15
DA:133,15
LF:25
LH:25
BRDA:21,0,0,3
BRDA:21,0,1,1
BRDA:36,1,0,1
BRDA:36,1,1,2
BRDA:64,2,0,0
BRDA:64,2,1,4
BRDA:139,3,0,1
BRDA:139,3,1,3
BRF:8
BRH:7
end_of_record
TN:
SF:assets/images/splash_1.png
FNF:0
FNH:0
DA:1,1
LF:1
LH:1
BRF:0
BRH:0
end_of_record
TN:
SF:assets/images/splash_2.png
FNF:0
FNH:0
DA:1,1
LF:1
LH:1
BRF:0
BRH:0
end_of_record
TN:
SF:assets/images/splash_3.png
FNF:0
FNH:0
DA:1,1
LF:1
LH:1
BRF:0
BRH:0
end_of_record
TN:
SF:components/Container.tsx
FN:20,(anonymous_0)
FN:33,(anonymous_1)
FNF:2
FNH:1
FNDA:4,(anonymous_0)
FNDA:0,(anonymous_1)
DA:20,1
DA:30,4
DA:31,4
DA:33,4
DA:34,0
DA:35,0
DA:37,0
DA:41,4
DA:65,4
LF:9
LH:6
BRDA:24,0,0,0
BRDA:34,1,0,0
BRDA:34,1,1,0
BRDA:72,2,0,4
BRDA:72,2,1,0
BRF:5
BRH:1
end_of_record
TN:
SF:components/RenderWhen.tsx
FN:8,RenderWhen
FNF:1
FNH:1
FNDA:12,RenderWhen
DA:10,12
LF:1
LH:1
BRDA:8,0,0,0
BRDA:8,1,0,0
BRDA:10,2,0,4
BRDA:10,2,1,8
BRF:4
BRH:2
end_of_record
TN:
SF:components/TextButton.tsx
FN:15,(anonymous_0)
FNF:1
FNH:1
FNDA:4,(anonymous_0)
DA:15,1
DA:23,4
DA:39,4
LF:3
LH:3
BRDA:16,0,0,0
BRDA:20,1,0,4
BRDA:21,2,0,0
BRDA:29,3,0,0
BRDA:29,3,1,4
BRF:5
BRH:2
end_of_record
TN:
SF:constants/constants.ts
FNF:0
FNH:0
DA:17,1
LF:1
LH:1
BRF:0
BRH:0
end_of_record
TN:
SF:constants/theme.ts
FNF:0
FNH:0
DA:2,1
DA:4,1
DA:73,1
DA:112,1
DA:163,1
LF:5
LH:5
BRF:0
BRH:0
end_of_record
